{
  "RSpec": {
    "coverage": {
      "/Users/mayotheodore/MT_Code/Makers/Week-4/bookmark-app/bookmarks/app/app.rb": {
        "lines": [
          1,
          1,
          1,
          1,
          null,
          1,
          1,
          0,
          null,
          null,
          1,
          7,
          7,
          null,
          null,
          1,
          1,
          1,
          null,
          null,
          1,
          1,
          null,
          null,
          1,
          null
        ]
      },
      "/Users/mayotheodore/MT_Code/Makers/Week-4/bookmark-app/bookmarks/lib/bookmark.rb": {
        "lines": [
          1,
          null,
          1,
          null,
          1,
          9,
          9,
          null,
          0,
          null,
          null,
          9,
          17,
          null,
          null,
          1,
          2,
          2,
          null,
          0,
          null,
          2,
          null,
          null,
          null
        ]
      },
      "/Users/mayotheodore/MT_Code/Makers/Week-4/bookmark-app/bookmarks/spec/bookmark_spec.rb": {
        "lines": [
          1,
          null,
          1,
          1,
          1,
          null,
          null,
          1,
          1,
          1,
          null,
          1,
          null,
          1,
          1,
          1,
          null,
          null,
          1,
          1,
          1,
          1,
          1,
          null,
          null,
          null,
          null
        ]
      },
      "/Users/mayotheodore/MT_Code/Makers/Week-4/bookmark-app/bookmarks/spec/features/add_bookmark_spec.rb": {
        "lines": [
          1,
          1,
          1,
          1,
          1,
          1,
          1,
          null,
          null
        ]
      },
      "/Users/mayotheodore/MT_Code/Makers/Week-4/bookmark-app/bookmarks/spec/features/bookmarks_spec.rb": {
        "lines": [
          1,
          1,
          1,
          null,
          null,
          1,
          1,
          1,
          null,
          1,
          null,
          1,
          1,
          1,
          null,
          null,
          null
        ]
      },
      "/Users/mayotheodore/MT_Code/Makers/Week-4/bookmark-app/bookmarks/spec/features/feature_test_spec.rb": {
        "lines": [
          1,
          1,
          1,
          1,
          1,
          1,
          null,
          null,
          1,
          1,
          1,
          null,
          null
        ]
      },
      "/Users/mayotheodore/MT_Code/Makers/Week-4/bookmark-app/bookmarks/spec/features/index_spec.rb": {
        "lines": [
          1,
          1,
          1,
          1,
          1,
          1,
          null,
          null,
          1,
          1,
          1,
          null,
          null
        ]
      }
    },
    "timestamp": 1638976928
  }
}
