{
  "RSpec": {
    "coverage": {
      "/Users/chrisclement/Desktop/Projects/Makers/Week4/BookmarkWED/bookmarks-chris/app/app.rb": {
        "lines": [
          1,
          1,
          1,
          1,
          null,
          1,
          1,
          0,
          null,
          null,
          1,
          7,
          7,
          null,
          null,
          1,
          1,
          1,
          null,
          null,
          1,
          1,
          null,
          null,
          1,
          null
        ]
      },
      "/Users/chrisclement/Desktop/Projects/Makers/Week4/BookmarkWED/bookmarks-chris/lib/bookmark.rb": {
        "lines": [
          1,
          null,
          1,
          null,
          1,
          9,
          9,
          null,
          0,
          null,
          null,
          9,
          17,
          null,
          null,
          1,
          5,
          5,
          null,
          0,
          null,
          5,
          null,
          null,
          null
        ]
      },
      "/Users/chrisclement/Desktop/Projects/Makers/Week4/BookmarkWED/bookmarks-chris/spec/bookmark_spec.rb": {
        "lines": [
          1,
          null,
          1,
          1,
          null,
          null,
          null,
          1,
          1,
          1,
          null,
          null,
          null,
          1,
          null,
          1,
          1,
          1,
          null,
          null,
          1,
          1,
          1,
          1,
          1,
          null,
          null,
          null,
          null
        ]
      },
      "/Users/chrisclement/Desktop/Projects/Makers/Week4/BookmarkWED/bookmarks-chris/spec/features/add_bookmark_spec.rb": {
        "lines": [
          1,
          1,
          1,
          1,
          1,
          1,
          1,
          null,
          null
        ]
      },
      "/Users/chrisclement/Desktop/Projects/Makers/Week4/BookmarkWED/bookmarks-chris/spec/features/bookmarks_spec.rb": {
        "lines": [
          1,
          1,
          1,
          null,
          null,
          1,
          1,
          1,
          null,
          1,
          null,
          1,
          1,
          1,
          null,
          null,
          null
        ]
      },
      "/Users/chrisclement/Desktop/Projects/Makers/Week4/BookmarkWED/bookmarks-chris/spec/features/index_functionality_spec.rb": {
        "lines": [
          1,
          1,
          1,
          1,
          1,
          1,
          null,
          null,
          1,
          1,
          1,
          null,
          null
        ]
      },
      "/Users/chrisclement/Desktop/Projects/Makers/Week4/BookmarkWED/bookmarks-chris/spec/features/index_spec.rb": {
        "lines": [
          1,
          1,
          1,
          1,
          1,
          1,
          null,
          null,
          1,
          1,
          1,
          null,
          null
        ]
      }
    },
    "timestamp": 1638978187
  }
}
